[0.311s] Invoking command in '/home/ros/ros2_ws/src/sim_cam': PYTHONPATH=/home/ros/ros2_ws/build/sim_cam/prefix_override:/usr/lib/python3/dist-packages/colcon_core/task/python/colcon_distutils_commands:/home/ros/ros2_ws/install/sim_cam/lib/python3.10/site-packages:${PYTHONPATH} /usr/bin/python3 -W ignore:setup.py install is deprecated -W ignore:easy_install command is deprecated setup.py egg_info --egg-base ../../build/sim_cam build --build-base /home/ros/ros2_ws/build/sim_cam/build install --record /home/ros/ros2_ws/build/sim_cam/install.log --single-version-externally-managed install_data
[0.392s] running egg_info
[0.392s] creating ../../build/sim_cam/sim_cam.egg-info
[0.393s] writing ../../build/sim_cam/sim_cam.egg-info/PKG-INFO
[0.393s] writing dependency_links to ../../build/sim_cam/sim_cam.egg-info/dependency_links.txt
[0.393s] writing entry points to ../../build/sim_cam/sim_cam.egg-info/entry_points.txt
[0.393s] writing requirements to ../../build/sim_cam/sim_cam.egg-info/requires.txt
[0.393s] writing top-level names to ../../build/sim_cam/sim_cam.egg-info/top_level.txt
[0.393s] writing manifest file '../../build/sim_cam/sim_cam.egg-info/SOURCES.txt'
[0.394s] reading manifest file '../../build/sim_cam/sim_cam.egg-info/SOURCES.txt'
[0.394s] writing manifest file '../../build/sim_cam/sim_cam.egg-info/SOURCES.txt'
[0.394s] running build
[0.394s] running build_py
[0.394s] creating /home/ros/ros2_ws/build/sim_cam/build
[0.394s] creating /home/ros/ros2_ws/build/sim_cam/build/lib
[0.394s] creating /home/ros/ros2_ws/build/sim_cam/build/lib/sim_cam
[0.394s] copying sim_cam/__init__.py -> /home/ros/ros2_ws/build/sim_cam/build/lib/sim_cam
[0.394s] copying sim_cam/sim_camera_node.py -> /home/ros/ros2_ws/build/sim_cam/build/lib/sim_cam
[0.395s] running install
[0.395s] running install_lib
[0.395s] creating /home/ros/ros2_ws/install/sim_cam/lib/python3.10/site-packages/sim_cam
[0.395s] copying /home/ros/ros2_ws/build/sim_cam/build/lib/sim_cam/__init__.py -> /home/ros/ros2_ws/install/sim_cam/lib/python3.10/site-packages/sim_cam
[0.395s] copying /home/ros/ros2_ws/build/sim_cam/build/lib/sim_cam/sim_camera_node.py -> /home/ros/ros2_ws/install/sim_cam/lib/python3.10/site-packages/sim_cam
[0.396s] byte-compiling /home/ros/ros2_ws/install/sim_cam/lib/python3.10/site-packages/sim_cam/__init__.py to __init__.cpython-310.pyc
[0.396s] byte-compiling /home/ros/ros2_ws/install/sim_cam/lib/python3.10/site-packages/sim_cam/sim_camera_node.py to sim_camera_node.cpython-310.pyc
[0.396s] running install_data
[0.396s] creating /home/ros/ros2_ws/install/sim_cam/share/ament_index
[0.396s] creating /home/ros/ros2_ws/install/sim_cam/share/ament_index/resource_index
[0.396s] creating /home/ros/ros2_ws/install/sim_cam/share/ament_index/resource_index/packages
[0.396s] copying resource/sim_cam -> /home/ros/ros2_ws/install/sim_cam/share/ament_index/resource_index/packages
[0.396s] copying package.xml -> /home/ros/ros2_ws/install/sim_cam/share/sim_cam
[0.396s] running install_egg_info
[0.397s] Copying ../../build/sim_cam/sim_cam.egg-info to /home/ros/ros2_ws/install/sim_cam/lib/python3.10/site-packages/sim_cam-0.0.0-py3.10.egg-info
[0.398s] running install_scripts
[0.407s] Installing sim_camera_node script to /home/ros/ros2_ws/install/sim_cam/lib/sim_cam
[0.408s] writing list of installed files to '/home/ros/ros2_ws/build/sim_cam/install.log'
[0.420s] Invoked command in '/home/ros/ros2_ws/src/sim_cam' returned '0': PYTHONPATH=/home/ros/ros2_ws/build/sim_cam/prefix_override:/usr/lib/python3/dist-packages/colcon_core/task/python/colcon_distutils_commands:/home/ros/ros2_ws/install/sim_cam/lib/python3.10/site-packages:${PYTHONPATH} /usr/bin/python3 -W ignore:setup.py install is deprecated -W ignore:easy_install command is deprecated setup.py egg_info --egg-base ../../build/sim_cam build --build-base /home/ros/ros2_ws/build/sim_cam/build install --record /home/ros/ros2_ws/build/sim_cam/install.log --single-version-externally-managed install_data
