running egg_info
creating ../../build/my_intro_pkg/my_intro_pkg.egg-info
writing ../../build/my_intro_pkg/my_intro_pkg.egg-info/PKG-INFO
writing dependency_links to ../../build/my_intro_pkg/my_intro_pkg.egg-info/dependency_links.txt
writing entry points to ../../build/my_intro_pkg/my_intro_pkg.egg-info/entry_points.txt
writing requirements to ../../build/my_intro_pkg/my_intro_pkg.egg-info/requires.txt
writing top-level names to ../../build/my_intro_pkg/my_intro_pkg.egg-info/top_level.txt
writing manifest file '../../build/my_intro_pkg/my_intro_pkg.egg-info/SOURCES.txt'
reading manifest file '../../build/my_intro_pkg/my_intro_pkg.egg-info/SOURCES.txt'
writing manifest file '../../build/my_intro_pkg/my_intro_pkg.egg-info/SOURCES.txt'
running build
running build_py
creating /home/ros/ros2_ws/build/my_intro_pkg/build
creating /home/ros/ros2_ws/build/my_intro_pkg/build/lib
creating /home/ros/ros2_ws/build/my_intro_pkg/build/lib/my_intro_pkg
copying my_intro_pkg/__init__.py -> /home/ros/ros2_ws/build/my_intro_pkg/build/lib/my_intro_pkg
copying my_intro_pkg/simple_talker.py -> /home/ros/ros2_ws/build/my_intro_pkg/build/lib/my_intro_pkg
copying my_intro_pkg/simple_listener.py -> /home/ros/ros2_ws/build/my_intro_pkg/build/lib/my_intro_pkg
running install
running install_lib
creating /home/ros/ros2_ws/install/my_intro_pkg/lib/python3.10/site-packages/my_intro_pkg
copying /home/ros/ros2_ws/build/my_intro_pkg/build/lib/my_intro_pkg/__init__.py -> /home/ros/ros2_ws/install/my_intro_pkg/lib/python3.10/site-packages/my_intro_pkg
copying /home/ros/ros2_ws/build/my_intro_pkg/build/lib/my_intro_pkg/simple_talker.py -> /home/ros/ros2_ws/install/my_intro_pkg/lib/python3.10/site-packages/my_intro_pkg
copying /home/ros/ros2_ws/build/my_intro_pkg/build/lib/my_intro_pkg/simple_listener.py -> /home/ros/ros2_ws/install/my_intro_pkg/lib/python3.10/site-packages/my_intro_pkg
byte-compiling /home/ros/ros2_ws/install/my_intro_pkg/lib/python3.10/site-packages/my_intro_pkg/__init__.py to __init__.cpython-310.pyc
byte-compiling /home/ros/ros2_ws/install/my_intro_pkg/lib/python3.10/site-packages/my_intro_pkg/simple_talker.py to simple_talker.cpython-310.pyc
byte-compiling /home/ros/ros2_ws/install/my_intro_pkg/lib/python3.10/site-packages/my_intro_pkg/simple_listener.py to simple_listener.cpython-310.pyc
running install_data
creating /home/ros/ros2_ws/install/my_intro_pkg/share/ament_index
creating /home/ros/ros2_ws/install/my_intro_pkg/share/ament_index/resource_index
creating /home/ros/ros2_ws/install/my_intro_pkg/share/ament_index/resource_index/packages
copying resource/my_intro_pkg -> /home/ros/ros2_ws/install/my_intro_pkg/share/ament_index/resource_index/packages
copying package.xml -> /home/ros/ros2_ws/install/my_intro_pkg/share/my_intro_pkg
running install_egg_info
Copying ../../build/my_intro_pkg/my_intro_pkg.egg-info to /home/ros/ros2_ws/install/my_intro_pkg/lib/python3.10/site-packages/my_intro_pkg-0.0.0-py3.10.egg-info
running install_scripts
Installing simple_listener script to /home/ros/ros2_ws/install/my_intro_pkg/lib/my_intro_pkg
Installing simple_talker script to /home/ros/ros2_ws/install/my_intro_pkg/lib/my_intro_pkg
writing list of installed files to '/home/ros/ros2_ws/build/my_intro_pkg/install.log'
