[0.291s] Invoking command in '/home/ros/ros2_ws/src/my_intro_pkg': PYTHONPATH=/home/ros/ros2_ws/build/my_intro_pkg/prefix_override:/usr/lib/python3/dist-packages/colcon_core/task/python/colcon_distutils_commands:/home/ros/ros2_ws/install/my_intro_pkg/lib/python3.10/site-packages:${PYTHONPATH} /usr/bin/python3 -W ignore:setup.py install is deprecated -W ignore:easy_install command is deprecated setup.py egg_info --egg-base ../../build/my_intro_pkg build --build-base /home/ros/ros2_ws/build/my_intro_pkg/build install --record /home/ros/ros2_ws/build/my_intro_pkg/install.log --single-version-externally-managed install_data
[0.369s] running egg_info
[0.370s] writing ../../build/my_intro_pkg/my_intro_pkg.egg-info/PKG-INFO
[0.370s] writing dependency_links to ../../build/my_intro_pkg/my_intro_pkg.egg-info/dependency_links.txt
[0.370s] writing entry points to ../../build/my_intro_pkg/my_intro_pkg.egg-info/entry_points.txt
[0.370s] writing requirements to ../../build/my_intro_pkg/my_intro_pkg.egg-info/requires.txt
[0.370s] writing top-level names to ../../build/my_intro_pkg/my_intro_pkg.egg-info/top_level.txt
[0.371s] reading manifest file '../../build/my_intro_pkg/my_intro_pkg.egg-info/SOURCES.txt'
[0.371s] writing manifest file '../../build/my_intro_pkg/my_intro_pkg.egg-info/SOURCES.txt'
[0.371s] running build
[0.371s] running build_py
[0.371s] running install
[0.371s] running install_lib
[0.372s] running install_data
[0.372s] running install_egg_info
[0.373s] removing '/home/ros/ros2_ws/install/my_intro_pkg/lib/python3.10/site-packages/my_intro_pkg-0.0.0-py3.10.egg-info' (and everything under it)
[0.373s] Copying ../../build/my_intro_pkg/my_intro_pkg.egg-info to /home/ros/ros2_ws/install/my_intro_pkg/lib/python3.10/site-packages/my_intro_pkg-0.0.0-py3.10.egg-info
[0.374s] running install_scripts
[0.382s] Installing simple_listener script to /home/ros/ros2_ws/install/my_intro_pkg/lib/my_intro_pkg
[0.382s] Installing simple_talker script to /home/ros/ros2_ws/install/my_intro_pkg/lib/my_intro_pkg
[0.383s] writing list of installed files to '/home/ros/ros2_ws/build/my_intro_pkg/install.log'
[0.398s] Invoked command in '/home/ros/ros2_ws/src/my_intro_pkg' returned '0': PYTHONPATH=/home/ros/ros2_ws/build/my_intro_pkg/prefix_override:/usr/lib/python3/dist-packages/colcon_core/task/python/colcon_distutils_commands:/home/ros/ros2_ws/install/my_intro_pkg/lib/python3.10/site-packages:${PYTHONPATH} /usr/bin/python3 -W ignore:setup.py install is deprecated -W ignore:easy_install command is deprecated setup.py egg_info --egg-base ../../build/my_intro_pkg build --build-base /home/ros/ros2_ws/build/my_intro_pkg/build install --record /home/ros/ros2_ws/build/my_intro_pkg/install.log --single-version-externally-managed install_data
