[0.377s] Invoking command in '/home/ros/ros2_ws/src/yolo_detector': PYTHONPATH=/home/ros/ros2_ws/build/yolo_detector/prefix_override:/usr/lib/python3/dist-packages/colcon_core/task/python/colcon_distutils_commands:/home/ros/ros2_ws/install/yolo_detector/lib/python3.10/site-packages:${PYTHONPATH} /usr/bin/python3 -W ignore:setup.py install is deprecated -W ignore:easy_install command is deprecated setup.py egg_info --egg-base ../../build/yolo_detector build --build-base /home/ros/ros2_ws/build/yolo_detector/build install --record /home/ros/ros2_ws/build/yolo_detector/install.log --single-version-externally-managed install_data
[0.457s] running egg_info
[0.457s] creating ../../build/yolo_detector/yolo_detector.egg-info
[0.457s] writing ../../build/yolo_detector/yolo_detector.egg-info/PKG-INFO
[0.457s] writing dependency_links to ../../build/yolo_detector/yolo_detector.egg-info/dependency_links.txt
[0.458s] writing entry points to ../../build/yolo_detector/yolo_detector.egg-info/entry_points.txt
[0.458s] writing requirements to ../../build/yolo_detector/yolo_detector.egg-info/requires.txt
[0.458s] writing top-level names to ../../build/yolo_detector/yolo_detector.egg-info/top_level.txt
[0.458s] writing manifest file '../../build/yolo_detector/yolo_detector.egg-info/SOURCES.txt'
[0.458s] reading manifest file '../../build/yolo_detector/yolo_detector.egg-info/SOURCES.txt'
[0.458s] writing manifest file '../../build/yolo_detector/yolo_detector.egg-info/SOURCES.txt'
[0.458s] running build
[0.459s] running build_py
[0.459s] creating /home/ros/ros2_ws/build/yolo_detector/build
[0.459s] creating /home/ros/ros2_ws/build/yolo_detector/build/lib
[0.459s] creating /home/ros/ros2_ws/build/yolo_detector/build/lib/yolo_detector
[0.459s] copying yolo_detector/__init__.py -> /home/ros/ros2_ws/build/yolo_detector/build/lib/yolo_detector
[0.459s] copying yolo_detector/yolo_detector_node.py -> /home/ros/ros2_ws/build/yolo_detector/build/lib/yolo_detector
[0.459s] running install
[0.459s] running install_lib
[0.459s] creating /home/ros/ros2_ws/install/yolo_detector/lib/python3.10/site-packages/yolo_detector
[0.459s] copying /home/ros/ros2_ws/build/yolo_detector/build/lib/yolo_detector/__init__.py -> /home/ros/ros2_ws/install/yolo_detector/lib/python3.10/site-packages/yolo_detector
[0.459s] copying /home/ros/ros2_ws/build/yolo_detector/build/lib/yolo_detector/yolo_detector_node.py -> /home/ros/ros2_ws/install/yolo_detector/lib/python3.10/site-packages/yolo_detector
[0.460s] byte-compiling /home/ros/ros2_ws/install/yolo_detector/lib/python3.10/site-packages/yolo_detector/__init__.py to __init__.cpython-310.pyc
[0.460s] byte-compiling /home/ros/ros2_ws/install/yolo_detector/lib/python3.10/site-packages/yolo_detector/yolo_detector_node.py to yolo_detector_node.cpython-310.pyc
[0.460s] running install_data
[0.460s] creating /home/ros/ros2_ws/install/yolo_detector/share/ament_index
[0.461s] creating /home/ros/ros2_ws/install/yolo_detector/share/ament_index/resource_index
[0.461s] creating /home/ros/ros2_ws/install/yolo_detector/share/ament_index/resource_index/packages
[0.461s] copying resource/yolo_detector -> /home/ros/ros2_ws/install/yolo_detector/share/ament_index/resource_index/packages
[0.461s] copying package.xml -> /home/ros/ros2_ws/install/yolo_detector/share/yolo_detector
[0.461s] running install_egg_info
[0.462s] Copying ../../build/yolo_detector/yolo_detector.egg-info to /home/ros/ros2_ws/install/yolo_detector/lib/python3.10/site-packages/yolo_detector-0.0.0-py3.10.egg-info
[0.462s] running install_scripts
[0.471s] Installing yolo_detector_node script to /home/ros/ros2_ws/install/yolo_detector/lib/yolo_detector
[0.471s] writing list of installed files to '/home/ros/ros2_ws/build/yolo_detector/install.log'
[0.492s] Invoked command in '/home/ros/ros2_ws/src/yolo_detector' returned '0': PYTHONPATH=/home/ros/ros2_ws/build/yolo_detector/prefix_override:/usr/lib/python3/dist-packages/colcon_core/task/python/colcon_distutils_commands:/home/ros/ros2_ws/install/yolo_detector/lib/python3.10/site-packages:${PYTHONPATH} /usr/bin/python3 -W ignore:setup.py install is deprecated -W ignore:easy_install command is deprecated setup.py egg_info --egg-base ../../build/yolo_detector build --build-base /home/ros/ros2_ws/build/yolo_detector/build install --record /home/ros/ros2_ws/build/yolo_detector/install.log --single-version-externally-managed install_data
